<?xml version="1.0" encoding="UTF-8"?>
<!-- Generated by org.testng.reporters.JUnitReportReporter -->
<testsuite hostname="LAPTOP-SOT6J1EH" failures="0" tests="1" name="Tests.TestClass1" time="19.646" errors="0" timestamp="31 Mar 2023 14:47:19 GMT" skipped="0">
  <testcase classname="Tests.TestClass1" name="test1" time="19.646"/>
</testsuite> <!-- Tests.TestClass1 -->
